<?xml version="1.0" encoding="utf-8"?><testsuites><testsuite name="pytest" errors="0" failures="0" skipped="1" tests="3" time="0.168" timestamp="2024-06-27T21:52:01.390425" hostname="jagadeesh97-HP-Pavilion-Laptop-15-eg2xxx"><testcase classname="my_py_pkg.test.test_copyright" name="test_copyright" time="0.000"><skipped type="pytest.skip" message="No copyright header has been placed in the generated source file.">/home/jagadeesh97/ros2_ws/src/my_py_pkg/test/test_copyright.py:20: No copyright header has been placed in the generated source file.</skipped></testcase><testcase classname="my_py_pkg.test.test_flake8" name="test_flake8" time="0.083" /><testcase classname="my_py_pkg.test.test_pep257" name="test_pep257" time="0.010" /></testsuite></testsuites>