<?xml version="1.0" encoding="utf-8"?><testsuites><testsuite name="pytest" errors="0" failures="0" skipped="0" tests="3" time="0.882" timestamp="2024-06-27T21:51:52.905894" hostname="jagadeesh97-HP-Pavilion-Laptop-15-eg2xxx"><testcase classname="examples_rclpy_guard_conditions.guard_conditions.test.test_copyright" name="test_copyright" time="0.383" /><testcase classname="examples_rclpy_guard_conditions.guard_conditions.test.test_flake8" name="test_flake8" time="0.365" /><testcase classname="examples_rclpy_guard_conditions.guard_conditions.test.test_pep257" name="test_pep257" time="0.039" /></testsuite></testsuites>