<?xml version="1.0" encoding="utf-8"?><testsuites><testsuite name="pytest" errors="0" failures="0" skipped="0" tests="9" time="42.165" timestamp="2024-06-27T21:52:01.199740" hostname="jagadeesh97-HP-Pavilion-Laptop-15-eg2xxx"><testcase classname="launch_testing_examples.launch_testing_examples.check_msgs_launch_test" name="launch_testing_examples.check_msgs_launch_test" time="1.222" /><testcase classname="launch_testing_examples.launch_testing_examples.check_multiple_nodes_launch_test" name="launch_testing_examples.check_multiple_nodes_launch_test" time="31.104" /><testcase classname="launch_testing_examples.launch_testing_examples.check_node_launch_test" name="launch_testing_examples.check_node_launch_test" time="5.356" /><testcase classname="launch_testing_examples.launch_testing_examples.hello_world_launch_test" name="launch_testing_examples.hello_world_launch_test" time="0.008" /><testcase classname="launch_testing_examples.launch_testing_examples.record_rosbag_launch_test" name="launch_testing_examples.record_rosbag_launch_test" time="3.238" /><testcase classname="launch_testing_examples.launch_testing_examples.set_param_launch_test" name="launch_testing_examples.set_param_launch_test" time="0.389" /><testcase classname="launch_testing_examples.test.test_copyright" name="test_copyright" time="0.267" /><testcase classname="launch_testing_examples.test.test_flake8" name="test_flake8" time="0.163" /><testcase classname="launch_testing_examples.test.test_pep257" name="test_pep257" time="0.042" /></testsuite></testsuites>